Normal User: Donation
https://bitcoinwhoswho.com/blog/2016/02/29/bitcoin-donation-address-rankings/#more-168
F6F1676307275B79AEBF1544228874B01BF45B2B,Donation,ReactOSProject
58B7A60F11A904FEEF35A639B6048DE8DD4D9F1C,Donation,TheFreenetProject
B4C67409A179E5D0258DCB1F3424E5029B9A9DA3,Donation,SingularityInstitute
7CE1B1F489E84CE56762DEE37B9C0AB5C0AD61D9,Donation,RaidedforTo
F5940D4287837ACDE62B55FF18D11B9EC86F75D5,Donation,AnonNews
99B023170D6FEB691BED36229FB5A072E3D9896A,Donation,BitcoinOTC
B0762EBCFAD8E6F08711B4B2508CD917DEDA5967,Donation,DiasporaProject
7D19B85EA1F66DFCAAAE02DFFE01C90E3E56FA5E,Donation,OpenNodes
9A3282988A4D4033CE6036A11656FC84C4274BEE,Donation,wikimediaNewYork
0A21A61678DA31B114159EEBA99A71D2EC2A9C4D,Donation,bitcoinGW


https://bitcoinwhoswho.com/blog/2017/05/
3563885D01CB9111F2B985823D1827CF71CBBC08,Ransomware,CryptoLocker4
B8D1F14065A7C01C99E97A17D0E0643B47229456,Ransomware,CryptoLocker1
CE682FCE869F6E9203A0189DD8CDC9ACD847259D,Ransomware,CryptoTorLocker2015
17443EC0C63197F871D3775C1E420EF78A1F3DCB,Ransomware,DMALocker
E2AA508606863C5069CD6A5191E5ECEAAD763D5B,Ransomware,Bucbi
4E94519C442DDB4D32C41B86DCA6B5C6D457F995,Ransomware,CryptoHost
DA5E28ACB75B02A113FB52A0F12110D012CDCD46,Ransomware,7ev3n
31BE9E2EC087638C9EFB78465FE9DD56327AED68,Ransomware,TeslaCrypt1

No transcation//2777ADD7A7DA241A504750EEF8DC4D073C024B12,Ransomware,CryptoLocker3
No transcation//91ED803C3D880A0A09C574850343688AC46445C5,Ransomware,CryptoLocker2
No transaction//EB0A30989856FFCCAA5924DD5A311F472FD50C47,Ransomware,TeslaCrypt2
No transaction//27DFFFD24B258EF502B915313B7D620D2E9E84BB,Ransomware,ThunderCrypt1
No transaction//5780B040D485359C8CDFD2FDE7228B167666C139,Ransomware,ThunderCrypt2
No transaction//B241B6C544734403DEE087A54C9D2BDEE070FEF3,Ransomware,ThunderCrypt3
No transaction//E7AF13894601C9219CCE67A6672694352A54FEB5,Ransomware,TrumpLocker
No transaction//6B7E16C32BF87B4FB1043D4522784D591150FFB1,Ransomware,Buddy
No transaction//BDAF696E1B5B3B6EFFEC42910284C42D57F46D4E,Ransomware,Chimera
No transaction//B6B36C1B5789721CC6F6DB141D2F342132FB1447,Ransomware,CTBLocker
No transaction//332D80B7E2412A2B5395B9FC9671CAF08CD44B22,Ransomware,Jigsaw

https://bitcoinwhoswho.com/blog/2018/06/02/bitcoin-porn-blackmail-scam-moved-to-poloniex-wallet/
12UCMcAseQK2syjQWRpnbc8tUtzxzZG9kS,Porn,Input0
15LKRRYM2k2CCSGT76rNbQmciLZJSxKXAx,Porn,Input1
18aVwkFAadCvwGBHN8vagouWBWrNEpZAaV,Porn,Input2
1E2J2DAFGToqmTxK5H8fG6V3Tp3xqSiAm4,Porn,Output
1E2J2DAFGToqmTxK5H8fG6V3Tp3xqSiAm4,Porn,PoloniexWalletCluster

https://www.aljazeera.com/indepth/opinion/2013/10/fbi-bitcoin-address-2013102862850865999.html
1F1tAaz5x1HUXrCNLbtMDqcw6o5GNn4xqX,FBI_DPR,DPR1
1FfmbHfnpaZjKFvyi1okTjJJusN455paPH,FBI_DPR,DPR2

https://bitcoinwhoswho.com/blog/2018/09/30/42-countries-report-sextortion-email-scam
1DzM9y4fRgWqpZZCsvf5Rx4HupbE5Q5r4y,Sextortion,Sex01,Reports14
1Lughwk11SAsz54wZJ3bpGbNqGfVanMWzk,Sextortion,Sex02,Reports10
1DuDhqSWdmRxJjaRRSpa9wRH7yf9ncgw56,Sextortion,Sex03,Reports08
1EkAVVDg8Rbwwa7j9DbvHQ7VmQ4FkBdEGT,Sextortion,Sex04,Reports08
19fbsopNBC77qYTVaX6iqg3cWZAHhxD8WC,Sextortion,Sex05,Reports07
18firbfmx4KoNeM4cBhcDdXgp2Aiduo43G,Sextortion,Sex06,Reports06
1MfLPJxzyDZr33WK79BKzAqsuvFnzi9TK1,Sextortion,Sex07,Reports05
16acVRG2RdMDSmdVuve1N1bYBFu8Rr3iii,Sextortion,Sex08,Reports05
16yJ7MQWTFNjsSvAJJMkjPpnJbAsGLYhW7,Sextortion,Sex09,Reports05
18QGMXBte2fVodcq9xCwvPWiBEd98LwHwS,Sextortion,Sex10,Reports04
1DxiWwJrJFRrMiwzddx9Gfkjdk2MP5AcjA,Sextortion,Sex11,Reports04
12DA8mpQCnTB1cEHLPFU7ckP44zN5Xmgu3,Sextortion,Sex12,Reports04
13H6Nszz1xP6Xn5tDKAUVWpm97vLfcNMVi,Sextortion,Sex13,Reports03
19i2Zn4QMg5y9gDTRfLyPXaw2zY3ikPzqg,Sextortion,Sex14,Reports03
144CDUeBhcwoEUmA2B1cL5p5PqZrhJWCCt,Sextortion,Sex15,Reports03
1LEJuBuc8bt6quD3TCGeX8o1EQ29qLErCc,Sextortion,Sex16,Reports03
1Pau7aAFNZ5rvogxMnfP37zDAzoeipCqPP,Sextortion,Sex17,Reports03
14dEvzyftZjrTjXaX5XXHo65C1rdsqCw1s,Sextortion,Sex18,Reports03
1CA74qzKno94zf3xFNvQ8TKR5sBpc6bimm,Sextortion,Sex19,Reports03
1MuQXHNBcAbYyMvMsvHfnXdymeuoLAK14Z,Sextortion,Sex20,Reports03

https://bitcoinwhoswho.com/blog/2018/08/07/bitcoin-blackmail-letter-scam-raising-prices/
1AerHTezypgLJHpcDNMd6mdPKJPeQWxPhD,Blackmail,Black1,DemandAmount$2500$
14i82QBptbM11siMo3i5gkv9RpMmN843X5,Blackmail,Black2,DemandAmount$3600$
17JTXjM2goxynTe19gzi48p336VmZKqoBD,Blackmail,Black3,DemandAmount$8600$
1HuPqHpdkZBSpGGL6gMCfCv4VumQvcwvQm,Blackmail,Black4,DemandAmount$8500$
19fkuKV4TgR9bHK7ioCfEJJyd74ARfhYDX,Blackmail,Black5,DemandAmount$8800$
1PmvKMqrufyv4ysmhjToDvGWdXHBWpHS6R,Blackmail,Black6,DemandAmount$15100$
15tTXnvpwmz6cEoUb8dQvmrTe4NDN1zpzY,Blackmail,Black7,DemandAmount$8100$
17qQ5q6gBETZvKihLpqa4oMZKoXCQdVi6q,Blackmail,Black8,DemandAmount$15500$
193e5vrqEooFMX6cq5DCdBRv1N7igjChY9,Blackmail,Black9,DemandAmount$9150$

https://bitcoinwhoswho.com/blog/2018/07/13/new-i-know-your-password-bitcoin-porn-scam-variant/
1JHwenDp9A98XdjfYkHKyiE3R99Q72K9X4,ExtortionEmail,Extortion01,Reports9
1MQNUSnquwPM9eQgs7KtjDcQZBfaW7iVge,ExtortionEmail,Extortion02,Reports3
1PeMj6hcYMCu1eKUAjRq4t7N6EHwDbGyBR,ExtortionEmail,Extortion03,Reports1
17drmHLZMsCRWz48RchWfrz9Chx1osLe67,ExtortionEmail,Extortion04,Reports2
19kQT8RpsNNAM5UQ6RjRxRcHbeHhYf6SES,ExtortionEmail,Extortion05,Reports2
1LEBKnvLEZk2cUfyJ1vU5FpueakWyh4m28,ExtortionEmail,Extortion06,Reports4
1AWKTr1vq3946tyuxG7Q1mLcJum4rjnmro,ExtortionEmail,Extortion07,Reports3
1NLh41sRP8QfSkkBrps1wXQXQhyM86HQYh,ExtortionEmail,Extortion08,Reports3
129WARJw8X71na49fvhss4hRpt9TA6V7Jg,ExtortionEmail,Extortion09,Reports2
1PdRsvWnRwz7m8nViajQNjcAzgQgEiTBhx,ExtortionEmail,Extortion10,Reports2
126RbYy96H9BJZs8kCUAkx5exuiMsYSBbm,ExtortionEmail,Extortion11,Reports1
15gbv1DTTNg82qvb3cpZLLmfqXu1jJaWFE,ExtortionEmail,Extortion12,Reports1
19EdHu5QJX5mAQ3fbXnsQ6utCvXDLT4LNG,ExtortionEmail,Extortion13,Reports1
1A8Ad7VbWDqwmRY6nSHtFcTqfW2XioXNmj,ExtortionEmail,Extortion14,Reports1
1AgHpx8SbUwLqnzo8WtJYefJqMitM3PKb3,ExtortionEmail,Extortion15,Reports1
1DULdsSARR1fH6D6DV7otavbmUQka3J9uP,ExtortionEmail,Extortion16,Reports1
1DVFi6yawViqSsKHhiN81FgGxdNLLkdo7j,ExtortionEmail,Extortion17,Reports1
1EGG38yAtUPThMMU9Ni15mQ3rWHSk8L2u4,ExtortionEmail,Extortion18,Reports1
1HNxU93ZWcMJsyosNdpirrkL3mGCJLdUc3,ExtortionEmail,Extortion19,Reports1
1JsbfAMGSJnKqPHUt4ju373DWQfgpUJQzZ,ExtortionEmail,Extortion20,Reports1
1L4Vj2hJkrrwRhmfoTjmQ3xFWRP34J1iFr,ExtortionEmail,Extortion21,Reports1
1LoF9TCF8zcpWeeonp7C4427EWsXsUxKe5,ExtortionEmail,Extortion22,Reports1
1PdRsvWnRwz7m8nViajQNjcAzgQgEiTBhx,ExtortionEmail,Extortion23,Reports1
1PLrSKJmzww51A178UgGukF8bXood9ivaQ,ExtortionEmail,Extortion24,Reports1


